INFO:root:Parsing XML File: select.xml
INFO:root:Traversing through child elements of XML
INFO:root:Found the download URL: http://firds.esma.europa.eu/firds/DLTINS_20210117_01of01.zip
INFO:root:Parsing XML File: select.xml
INFO:root:Traversing through child elements of XML
INFO:root:Found the download URL: http://firds.esma.europa.eu/firds/DLTINS_20210117_01of01.zip
INFO:root:Filename extracted from URL: DLTIN
INFO:root:File downloaded in pathC:\Users\admin\Documents\SDE Intern Assignment\SteelEye\python_engineer
INFO:root:Parsing XML File: select.xml
INFO:root:Traversing through child elements of XML
INFO:root:Found the download URL: http://firds.esma.europa.eu/firds/DLTINS_20210117_01of01.zip
INFO:root:Filename extracted from URL: DLTINS_20210117_01of01.zip
INFO:root:File downloaded in pathC:\Users\admin\Documents\SDE Intern Assignment\SteelEye\python_engineer
INFO:root:Parsing XML File: select.xml
INFO:root:Traversing through child elements of XML
INFO:root:Found the download URL: http://firds.esma.europa.eu/firds/DLTINS_20210117_01of01.zip
INFO:root:Filename extracted from URL: DLTINS_20210117_01of01.zip
INFO:root:File downloaded in pathC:\Users\admin\Documents\SDE Intern Assignment\SteelEye\python_engineer
INFO:root:Parsing XML File: select.xml
INFO:root:Traversing through child elements of XML
INFO:root:Found the download URL: http://firds.esma.europa.eu/firds/DLTINS_20210117_01of01.zip
INFO:root:Filename extracted from URL: DLTINS_20210117_01of01.zip
DEBUG:root:DLTINS_20210117_01of01.zip is already downloaded!
INFO:root:DLTINS_20210117_01of01.zip downloaded!
